This is pdfTeX, Version 3.1415926-1.40.10 (TeX Live 2009/Debian) (format=pdflatex 2011.10.17)  8 JUN 2012 16:16
entering extended mode
 %&-line parsing enabled.
**paper.tex
(./paper.tex
LaTeX2e <2009/09/24>
Babel <v3.8l> and hyphenation patterns for english, usenglishmax, dumylang, noh
yphenation, pinyin, loaded.
(/usr/share/texmf-texlive/tex/latex/base/article.cls
Document Class: article 2007/10/19 v1.4h Standard LaTeX document class
(/usr/share/texmf-texlive/tex/latex/base/size10.clo
File: size10.clo 2007/10/19 v1.4h Standard LaTeX file (size option)
)
\c@part=\count79
\c@section=\count80
\c@subsection=\count81
\c@subsubsection=\count82
\c@paragraph=\count83
\c@subparagraph=\count84
\c@figure=\count85
\c@table=\count86
\abovecaptionskip=\skip41
\belowcaptionskip=\skip42
\bibindent=\dimen102
) (./latex8.sty
IEEE 8.5 x 11-Inch Proceedings Style `latex8.sty'.
\@ctmp=\skip43
\@figindent=\skip44
) (/usr/share/texmf-texlive/tex/latex/psnfss/times.sty
Package: times 2005/04/12 PSNFSS-v9.2a (SPQR) 
)
(/usr/share/texmf-texlive/tex/latex/ltxmisc/url.sty
\Urlmuskip=\muskip10
Package: url 2006/04/12  ver 3.3  Verb mode for urls, etc.
)
(/usr/share/texmf-texlive/tex/latex/hyperref/hyperref.sty
Package: hyperref 2009/10/09 v6.79a Hypertext links for LaTeX

(/usr/share/texmf-texlive/tex/latex/graphics/keyval.sty
Package: keyval 1999/03/16 v1.13 key=value parser (DPC)
\KV@toks@=\toks14
)
(/usr/share/texmf-texlive/tex/generic/oberdiek/ifpdf.sty
Package: ifpdf 2009/04/10 v2.0 Provides the ifpdf switch (HO)
Package ifpdf Info: pdfTeX in pdf mode detected.
)
(/usr/share/texmf-texlive/tex/generic/oberdiek/ifvtex.sty
Package: ifvtex 2008/11/04 v1.4 Switches for detecting VTeX and its modes (HO)
Package ifvtex Info: VTeX not detected.
)
(/usr/share/texmf-texlive/tex/generic/ifxetex/ifxetex.sty
Package: ifxetex 2009/01/23 v0.5 Provides ifxetex conditional
)
(/usr/share/texmf-texlive/tex/latex/oberdiek/hycolor.sty
Package: hycolor 2009/10/02 v1.5 Code for color options of hyperref/bookmark (H
O)

(/usr/share/texmf-texlive/tex/latex/oberdiek/xcolor-patch.sty
Package: xcolor-patch 2009/10/02 xcolor patch
))
\@linkdim=\dimen103
\Hy@linkcounter=\count87
\Hy@pagecounter=\count88

(/usr/share/texmf-texlive/tex/latex/hyperref/pd1enc.def
File: pd1enc.def 2009/10/09 v6.79a Hyperref: PDFDocEncoding definition (HO)
)
(/usr/share/texmf-texlive/tex/generic/oberdiek/etexcmds.sty
Package: etexcmds 2007/12/12 v1.2 Prefix for e-TeX command names (HO)

(/usr/share/texmf-texlive/tex/generic/oberdiek/infwarerr.sty
Package: infwarerr 2007/09/09 v1.2 Providing info/warning/message (HO)
)
Package etexcmds Info: Could not find \expanded.
(etexcmds)             That can mean that you are not using pdfTeX 1.50 or
(etexcmds)             that some package has redefined \expanded.
(etexcmds)             In the latter case, load this package earlier.
)
(/usr/share/texmf-texlive/tex/latex/latexconfig/hyperref.cfg
File: hyperref.cfg 2002/06/06 v1.2 hyperref configuration of TeXLive
)
(/usr/share/texmf-texlive/tex/latex/oberdiek/kvoptions.sty
Package: kvoptions 2009/08/13 v3.4 Keyval support for LaTeX options (HO)

(/usr/share/texmf-texlive/tex/generic/oberdiek/kvsetkeys.sty
Package: kvsetkeys 2009/07/30 v1.5 Key value parser with default handler suppor
t (HO)
))
Package hyperref Info: Hyper figures OFF on input line 2975.
Package hyperref Info: Link nesting OFF on input line 2980.
Package hyperref Info: Hyper index ON on input line 2983.
Package hyperref Info: Plain pages OFF on input line 2990.
Package hyperref Info: Backreferencing OFF on input line 2995.

Implicit mode ON; LaTeX internals redefined
Package hyperref Info: Bookmarks ON on input line 3191.
LaTeX Info: Redefining \url on input line 3428.
(/usr/share/texmf-texlive/tex/generic/oberdiek/bitset.sty
Package: bitset 2007/09/28 v1.0 Data type bit set (HO)

(/usr/share/texmf-texlive/tex/generic/oberdiek/intcalc.sty
Package: intcalc 2007/09/27 v1.1 Expandable integer calculations (HO)
)
(/usr/share/texmf-texlive/tex/generic/oberdiek/bigintcalc.sty
Package: bigintcalc 2007/11/11 v1.1 Expandable big integer calculations (HO)

(/usr/share/texmf-texlive/tex/generic/oberdiek/pdftexcmds.sty
Package: pdftexcmds 2009/09/23 v0.6 LuaTeX support for pdfTeX utility functions
 (HO)

(/usr/share/texmf-texlive/tex/generic/oberdiek/ifluatex.sty
Package: ifluatex 2009/04/17 v1.2 Provides the ifluatex switch (HO)
Package ifluatex Info: LuaTeX not detected.
)
(/usr/share/texmf-texlive/tex/generic/oberdiek/ltxcmds.sty
Package: ltxcmds 2009/08/05 v1.0 Some LaTeX kernel commands for general use (HO
)
)
Package pdftexcmds Info: LuaTeX not detected.
Package pdftexcmds Info: \pdf@primitive is available.
Package pdftexcmds Info: \pdf@ifprimitive is available.
)))
\Fld@menulength=\count89
\Field@Width=\dimen104
\Fld@charsize=\dimen105
\Field@toks=\toks15
Package hyperref Info: Hyper figures OFF on input line 4377.
Package hyperref Info: Link nesting OFF on input line 4382.
Package hyperref Info: Hyper index ON on input line 4385.
Package hyperref Info: backreferencing OFF on input line 4392.
Package hyperref Info: Link coloring OFF on input line 4397.
Package hyperref Info: Link coloring with OCG OFF on input line 4402.
Package hyperref Info: PDF/A mode OFF on input line 4407.

(/usr/share/texmf-texlive/tex/generic/oberdiek/atbegshi.sty
Package: atbegshi 2008/07/31 v1.9 At begin shipout hook (HO)
)
\Hy@abspage=\count90
\c@Item=\count91
\c@Hfootnote=\count92
)
*hyperref using default driver hpdftex*
(/usr/share/texmf-texlive/tex/latex/hyperref/hpdftex.def
File: hpdftex.def 2009/10/09 v6.79a Hyperref driver for pdfTeX
\Fld@listcount=\count93
)
(/usr/share/texmf-texlive/tex/latex/subfig/subfig.sty
Package: subfig 2005/06/28 ver: 1.3 subfig package

(/usr/share/texmf-texlive/tex/latex/caption/caption.sty
Package: caption 2009/10/09 v3.1k Customizing captions (AR)

(/usr/share/texmf-texlive/tex/latex/caption/caption3.sty
Package: caption3 2009/10/09 v3.1k caption3 kernel (AR)
\captionmargin=\dimen106
\captionmargin@=\dimen107
\captionwidth=\dimen108
\caption@indent=\dimen109
\caption@parindent=\dimen110
\caption@hangindent=\dimen111
Package caption Info: Unknown document class (or package),
(caption)             standard defaults will be used on input line 1068.
)

Package caption Warning: Unsupported document class (or package) detected,
(caption)                usage of the caption package is not recommended.
See the caption package documentation for explanation.

Package caption Info: \@makecaption = \long macro:#1#2-> \vskip 10pt \setbox \@
tempboxa \hbox {\tenhv \noindent #1.~#2} \setlength {\@ctmp }{\hsize } \addtole
ngth {\@ctmp }{-\@figindent }\addtolength {\@ctmp }{-\@figindent } \ifdim \wd \
@tempboxa >\@ctmp \begin {list}{}{\leftmargin \@figindent \rightmargin \leftmar
gin } \item []\tenhv #1.~#2\par \end {list} \else \hbox to\hsize {\hfil \box \@
tempboxa \hfil } \fi .
\c@ContinuedFloat=\count94
Package caption Info: hyperref package is loaded.
)
\c@KVtest=\count95
\sf@farskip=\skip45
\sf@captopadj=\dimen112
\sf@capskip=\skip46
\sf@nearskip=\skip47
\c@subfigure=\count96
\c@subfigure@save=\count97
\c@lofdepth=\count98
\c@subtable=\count99
\c@subtable@save=\count100
\c@lotdepth=\count101
\sf@top=\skip48
\sf@bottom=\skip49
) (/usr/share/texmf/tex/latex/pgf/frontendlayer/tikz.sty
(/usr/share/texmf/tex/latex/pgf/basiclayer/pgf.sty
(/usr/share/texmf/tex/latex/pgf/utilities/pgfrcs.sty
(/usr/share/texmf/tex/generic/pgf/utilities/pgfutil-common.tex
\pgfutil@everybye=\toks16
)
(/usr/share/texmf/tex/generic/pgf/utilities/pgfutil-latex.def
\pgfutil@abb=\box26

(/usr/share/texmf-texlive/tex/latex/ms/everyshi.sty
Package: everyshi 2001/05/15 v3.00 EveryShipout Package (MS)
))
(/usr/share/texmf/tex/generic/pgf/utilities/pgfrcs.code.tex
Package: pgfrcs 2010/10/25 v2.10 (rcs-revision 1.24)
))
Package: pgf 2008/01/15 v2.10 (rcs-revision 1.12)

(/usr/share/texmf/tex/latex/pgf/basiclayer/pgfcore.sty
(/usr/share/texmf-texlive/tex/latex/graphics/graphicx.sty
Package: graphicx 1999/02/16 v1.0f Enhanced LaTeX Graphics (DPC,SPQR)

(/usr/share/texmf-texlive/tex/latex/graphics/graphics.sty
Package: graphics 2009/02/05 v1.0o Standard LaTeX Graphics (DPC,SPQR)

(/usr/share/texmf-texlive/tex/latex/graphics/trig.sty
Package: trig 1999/03/16 v1.09 sin cos tan (DPC)
)
(/etc/texmf/tex/latex/config/graphics.cfg
File: graphics.cfg 2009/08/28 v1.8 graphics configuration of TeX Live
)
Package graphics Info: Driver file: pdftex.def on input line 91.

(/usr/share/texmf-texlive/tex/latex/pdftex-def/pdftex.def
File: pdftex.def 2010/03/12 v0.04p Graphics/color for pdfTeX
\Gread@gobject=\count102
))
\Gin@req@height=\dimen113
\Gin@req@width=\dimen114
)
(/usr/share/texmf/tex/latex/pgf/systemlayer/pgfsys.sty
(/usr/share/texmf/tex/generic/pgf/systemlayer/pgfsys.code.tex
Package: pgfsys 2010/06/30 v2.10 (rcs-revision 1.37)

(/usr/share/texmf/tex/generic/pgf/utilities/pgfkeys.code.tex
\pgfkeys@pathtoks=\toks17
\pgfkeys@temptoks=\toks18

(/usr/share/texmf/tex/generic/pgf/utilities/pgfkeysfiltered.code.tex
\pgfkeys@tmptoks=\toks19
))
\pgf@x=\dimen115
\pgf@y=\dimen116
\pgf@xa=\dimen117
\pgf@ya=\dimen118
\pgf@xb=\dimen119
\pgf@yb=\dimen120
\pgf@xc=\dimen121
\pgf@yc=\dimen122
\w@pgf@writea=\write3
\r@pgf@reada=\read1
\c@pgf@counta=\count103
\c@pgf@countb=\count104
\c@pgf@countc=\count105
\c@pgf@countd=\count106

(/usr/share/texmf/tex/generic/pgf/systemlayer/pgf.cfg
File: pgf.cfg 2008/05/14  (rcs-revision 1.7)
)
Package pgfsys Info: Driver file for pgf: pgfsys-pdftex.def on input line 900.

(/usr/share/texmf/tex/generic/pgf/systemlayer/pgfsys-pdftex.def
File: pgfsys-pdftex.def 2009/05/22  (rcs-revision 1.26)

(/usr/share/texmf/tex/generic/pgf/systemlayer/pgfsys-common-pdf.def
File: pgfsys-common-pdf.def 2008/05/19  (rcs-revision 1.10)
)))
(/usr/share/texmf/tex/generic/pgf/systemlayer/pgfsyssoftpath.code.tex
File: pgfsyssoftpath.code.tex 2008/07/18  (rcs-revision 1.7)
\pgfsyssoftpath@smallbuffer@items=\count107
\pgfsyssoftpath@bigbuffer@items=\count108
)
(/usr/share/texmf/tex/generic/pgf/systemlayer/pgfsysprotocol.code.tex
File: pgfsysprotocol.code.tex 2006/10/16  (rcs-revision 1.4)
))
(/usr/share/texmf/tex/latex/xcolor/xcolor.sty
Package: xcolor 2007/01/21 v2.11 LaTeX color extensions (UK)

(/etc/texmf/tex/latex/config/color.cfg
File: color.cfg 2007/01/18 v1.5 color configuration of teTeX/TeXLive
)
Package xcolor Info: Driver file: pdftex.def on input line 225.
Package xcolor Info: Model `cmy' substituted by `cmy0' on input line 1337.
Package xcolor Info: Model `hsb' substituted by `rgb' on input line 1341.
Package xcolor Info: Model `RGB' extended on input line 1353.
Package xcolor Info: Model `HTML' substituted by `rgb' on input line 1355.
Package xcolor Info: Model `Hsb' substituted by `hsb' on input line 1356.
Package xcolor Info: Model `tHsb' substituted by `hsb' on input line 1357.
Package xcolor Info: Model `HSB' substituted by `hsb' on input line 1358.
Package xcolor Info: Model `Gray' substituted by `gray' on input line 1359.
Package xcolor Info: Model `wave' substituted by `hsb' on input line 1360.
)
(/usr/share/texmf/tex/generic/pgf/basiclayer/pgfcore.code.tex
Package: pgfcore 2010/04/11 v2.10 (rcs-revision 1.7)

(/usr/share/texmf/tex/generic/pgf/math/pgfmath.code.tex
(/usr/share/texmf/tex/generic/pgf/math/pgfmathcalc.code.tex
(/usr/share/texmf/tex/generic/pgf/math/pgfmathutil.code.tex)
(/usr/share/texmf/tex/generic/pgf/math/pgfmathparser.code.tex
\pgfmath@dimen=\dimen123
\pgfmath@count=\count109
\pgfmath@box=\box27
\pgfmath@toks=\toks20
\pgfmath@stack@operand=\toks21
\pgfmath@stack@operation=\toks22
)
(/usr/share/texmf/tex/generic/pgf/math/pgfmathfunctions.code.tex
(/usr/share/texmf/tex/generic/pgf/math/pgfmathfunctions.basic.code.tex)
(/usr/share/texmf/tex/generic/pgf/math/pgfmathfunctions.trigonometric.code.tex)
(/usr/share/texmf/tex/generic/pgf/math/pgfmathfunctions.random.code.tex)
(/usr/share/texmf/tex/generic/pgf/math/pgfmathfunctions.comparison.code.tex)
(/usr/share/texmf/tex/generic/pgf/math/pgfmathfunctions.base.code.tex)
(/usr/share/texmf/tex/generic/pgf/math/pgfmathfunctions.round.code.tex)
(/usr/share/texmf/tex/generic/pgf/math/pgfmathfunctions.misc.code.tex)))
(/usr/share/texmf/tex/generic/pgf/math/pgfmathfloat.code.tex
\c@pgfmathroundto@lastzeros=\count110
))
(/usr/share/texmf/tex/generic/pgf/basiclayer/pgfcorepoints.code.tex
File: pgfcorepoints.code.tex 2010/04/09  (rcs-revision 1.20)
\pgf@picminx=\dimen124
\pgf@picmaxx=\dimen125
\pgf@picminy=\dimen126
\pgf@picmaxy=\dimen127
\pgf@pathminx=\dimen128
\pgf@pathmaxx=\dimen129
\pgf@pathminy=\dimen130
\pgf@pathmaxy=\dimen131
\pgf@xx=\dimen132
\pgf@xy=\dimen133
\pgf@yx=\dimen134
\pgf@yy=\dimen135
\pgf@zx=\dimen136
\pgf@zy=\dimen137
)
(/usr/share/texmf/tex/generic/pgf/basiclayer/pgfcorepathconstruct.code.tex
File: pgfcorepathconstruct.code.tex 2010/08/03  (rcs-revision 1.24)
\pgf@path@lastx=\dimen138
\pgf@path@lasty=\dimen139
)
(/usr/share/texmf/tex/generic/pgf/basiclayer/pgfcorepathusage.code.tex
File: pgfcorepathusage.code.tex 2008/04/22  (rcs-revision 1.12)
\pgf@shorten@end@additional=\dimen140
\pgf@shorten@start@additional=\dimen141
)
(/usr/share/texmf/tex/generic/pgf/basiclayer/pgfcorescopes.code.tex
File: pgfcorescopes.code.tex 2010/09/08  (rcs-revision 1.34)
\pgfpic=\box28
\pgf@hbox=\box29
\pgf@layerbox@main=\box30
\pgf@picture@serial@count=\count111
)
(/usr/share/texmf/tex/generic/pgf/basiclayer/pgfcoregraphicstate.code.tex
File: pgfcoregraphicstate.code.tex 2008/04/22  (rcs-revision 1.9)
\pgflinewidth=\dimen142
)
(/usr/share/texmf/tex/generic/pgf/basiclayer/pgfcoretransformations.code.tex
File: pgfcoretransformations.code.tex 2009/06/10  (rcs-revision 1.11)
\pgf@pt@x=\dimen143
\pgf@pt@y=\dimen144
\pgf@pt@temp=\dimen145
)
(/usr/share/texmf/tex/generic/pgf/basiclayer/pgfcorequick.code.tex
File: pgfcorequick.code.tex 2008/10/09  (rcs-revision 1.3)
)
(/usr/share/texmf/tex/generic/pgf/basiclayer/pgfcoreobjects.code.tex
File: pgfcoreobjects.code.tex 2006/10/11  (rcs-revision 1.2)
)
(/usr/share/texmf/tex/generic/pgf/basiclayer/pgfcorepathprocessing.code.tex
File: pgfcorepathprocessing.code.tex 2008/10/09  (rcs-revision 1.8)
)
(/usr/share/texmf/tex/generic/pgf/basiclayer/pgfcorearrows.code.tex
File: pgfcorearrows.code.tex 2008/04/23  (rcs-revision 1.11)
)
(/usr/share/texmf/tex/generic/pgf/basiclayer/pgfcoreshade.code.tex
File: pgfcoreshade.code.tex 2008/11/23  (rcs-revision 1.13)
\pgf@max=\dimen146
\pgf@sys@shading@range@num=\count112
)
(/usr/share/texmf/tex/generic/pgf/basiclayer/pgfcoreimage.code.tex
File: pgfcoreimage.code.tex 2010/03/25  (rcs-revision 1.16)

(/usr/share/texmf/tex/generic/pgf/basiclayer/pgfcoreexternal.code.tex
File: pgfcoreexternal.code.tex 2010/09/01  (rcs-revision 1.17)
\pgfexternal@startupbox=\box31
))
(/usr/share/texmf/tex/generic/pgf/basiclayer/pgfcorelayers.code.tex
File: pgfcorelayers.code.tex 2010/08/27  (rcs-revision 1.2)
)
(/usr/share/texmf/tex/generic/pgf/basiclayer/pgfcoretransparency.code.tex
File: pgfcoretransparency.code.tex 2008/01/17  (rcs-revision 1.2)
)
(/usr/share/texmf/tex/generic/pgf/basiclayer/pgfcorepatterns.code.tex
File: pgfcorepatterns.code.tex 2009/07/02  (rcs-revision 1.3)
)))
(/usr/share/texmf/tex/generic/pgf/modules/pgfmoduleshapes.code.tex
File: pgfmoduleshapes.code.tex 2010/09/09  (rcs-revision 1.13)
\pgfnodeparttextbox=\box32
)
(/usr/share/texmf/tex/generic/pgf/modules/pgfmoduleplot.code.tex
File: pgfmoduleplot.code.tex 2010/10/22  (rcs-revision 1.8)
)
(/usr/share/texmf/tex/latex/pgf/compatibility/pgfcomp-version-0-65.sty
Package: pgfcomp-version-0-65 2007/07/03 v2.10 (rcs-revision 1.7)
\pgf@nodesepstart=\dimen147
\pgf@nodesepend=\dimen148
)
(/usr/share/texmf/tex/latex/pgf/compatibility/pgfcomp-version-1-18.sty
Package: pgfcomp-version-1-18 2007/07/23 v2.10 (rcs-revision 1.1)
))
(/usr/share/texmf/tex/latex/pgf/utilities/pgffor.sty
(/usr/share/texmf/tex/latex/pgf/utilities/pgfkeys.sty
(/usr/share/texmf/tex/generic/pgf/utilities/pgfkeys.code.tex))
(/usr/share/texmf/tex/generic/pgf/utilities/pgffor.code.tex
Package: pgffor 2010/03/23 v2.10 (rcs-revision 1.18)
\pgffor@iter=\dimen149
\pgffor@skip=\dimen150
\pgffor@stack=\toks23
\pgffor@toks=\toks24
))
(/usr/share/texmf/tex/generic/pgf/frontendlayer/tikz/tikz.code.tex
Package: tikz 2010/10/13 v2.10 (rcs-revision 1.76)

(/usr/share/texmf/tex/generic/pgf/libraries/pgflibraryplothandlers.code.tex
File: pgflibraryplothandlers.code.tex 2010/05/31 v2.10 (rcs-revision 1.15)
\pgf@plot@mark@count=\count113
\pgfplotmarksize=\dimen151
)
\tikz@lastx=\dimen152
\tikz@lasty=\dimen153
\tikz@lastxsaved=\dimen154
\tikz@lastysaved=\dimen155
\tikzleveldistance=\dimen156
\tikzsiblingdistance=\dimen157
\tikz@figbox=\box33
\tikz@tempbox=\box34
\tikztreelevel=\count114
\tikznumberofchildren=\count115
\tikznumberofcurrentchild=\count116
\tikz@fig@count=\count117

(/usr/share/texmf/tex/generic/pgf/modules/pgfmodulematrix.code.tex
File: pgfmodulematrix.code.tex 2010/08/24  (rcs-revision 1.4)
\pgfmatrixcurrentrow=\count118
\pgfmatrixcurrentcolumn=\count119
\pgf@matrix@numberofcolumns=\count120
)
\tikz@expandcount=\count121

(/usr/share/texmf/tex/generic/pgf/frontendlayer/tikz/libraries/tikzlibrarytopat
hs.code.tex
File: tikzlibrarytopaths.code.tex 2008/06/17 v2.10 (rcs-revision 1.2)
))) (/usr/share/texmf-texlive/tex/latex/examplep/examplep.sty
Package: examplep 2006/12/21 v0.03 Verbatim and typeset TeX code

(/usr/share/texmf-texlive/tex/latex/examplep/verbfwr.sty
Package: verbfwr 2003/09/25 v0.02 Verbatim file write
\verbfwr@writefile=\write4
))
(/usr/share/texmf-texlive/tex/latex/moreverb/moreverb.sty
Package: moreverb 2008/06/03 v2.3 `more' verbatim facilities

(/usr/share/texmf-texlive/tex/latex/tools/verbatim.sty
Package: verbatim 2003/08/22 v1.5q LaTeX2e package for verbatim enhancements
\every@verbatim=\toks25
\verbatim@line=\toks26
\verbatim@in@stream=\read2
)
\verbatim@out=\write5
\tab@position=\count122
\tab@size=\count123
\listing@line=\count124
)
(/usr/share/texmf-texlive/tex/latex/algorithms/algorithm.sty
Package: algorithm 2009/08/24 v0.1 Document Style `algorithm' - floating enviro
nment

(/usr/share/texmf-texlive/tex/latex/float/float.sty
Package: float 2001/11/08 v1.3d Float enhancements (AL)
\c@float@type=\count125
\float@exts=\toks27
\float@box=\box35
\@float@everytoks=\toks28
\@floatcapt=\box36
)
(/usr/share/texmf-texlive/tex/latex/base/ifthen.sty
Package: ifthen 2001/05/26 v1.1c Standard LaTeX ifthen package (DPC)
)
\@float@every@algorithm=\toks29
\c@algorithm=\count126
)
(/usr/share/texmf-texlive/tex/latex/ltxmisc/boxedminipage.sty)
(/usr/share/texmf-texlive/tex/latex/algorithmicx/algpseudocode.sty
Package: algpseudocode 

(/usr/share/texmf-texlive/tex/latex/algorithmicx/algorithmicx.sty
Package: algorithmicx 2005/04/27 v1.2 Algorithmicx

Document Style algorithmicx 1.2 - a greatly improved `algorithmic' style
\c@ALG@line=\count127
\c@ALG@rem=\count128
\c@ALG@nested=\count129
\ALG@tlm=\skip50
\ALG@thistlm=\skip51
\c@ALG@Lnr=\count130
\c@ALG@blocknr=\count131
\c@ALG@storecount=\count132
\c@ALG@tmpcounter=\count133
\ALG@tmplength=\skip52
)
Document Style - pseudocode environments for use with the `algorithmicx' style
) (/usr/share/texmf-texlive/tex/latex/listings/listings.sty
\lst@mode=\count134
\lst@gtempboxa=\box37
\lst@token=\toks30
\lst@length=\count135
\lst@currlwidth=\dimen158
\lst@column=\count136
\lst@pos=\count137
\lst@lostspace=\dimen159
\lst@width=\dimen160
\lst@newlines=\count138
\lst@lineno=\count139
\lst@maxwidth=\dimen161

(/usr/share/texmf-texlive/tex/latex/listings/lstmisc.sty
File: lstmisc.sty 2007/02/22 1.4 (Carsten Heinz)
\c@lstnumber=\count140
\lst@skipnumbers=\count141
\lst@framebox=\box38
)
(/usr/share/texmf-texlive/tex/latex/listings/listings.cfg
File: listings.cfg 2007/02/22 1.4 listings configuration
))
Package: listings 2007/02/22 1.4 (Carsten Heinz)

(/usr/share/texmf-texlive/tex/latex/amsmath/amsmath.sty
Package: amsmath 2000/07/18 v2.13 AMS math features
\@mathmargin=\skip53

For additional information on amsmath, use the `?' option.
(/usr/share/texmf-texlive/tex/latex/amsmath/amstext.sty
Package: amstext 2000/06/29 v2.01

(/usr/share/texmf-texlive/tex/latex/amsmath/amsgen.sty
File: amsgen.sty 1999/11/30 v2.0
\@emptytoks=\toks31
\ex@=\dimen162
))
(/usr/share/texmf-texlive/tex/latex/amsmath/amsbsy.sty
Package: amsbsy 1999/11/29 v1.2d
\pmbraise@=\dimen163
)
(/usr/share/texmf-texlive/tex/latex/amsmath/amsopn.sty
Package: amsopn 1999/12/14 v2.01 operator names
)
\inf@bad=\count142
LaTeX Info: Redefining \frac on input line 211.
\uproot@=\count143
\leftroot@=\count144
LaTeX Info: Redefining \overline on input line 307.
\classnum@=\count145
\DOTSCASE@=\count146
LaTeX Info: Redefining \ldots on input line 379.
LaTeX Info: Redefining \dots on input line 382.
LaTeX Info: Redefining \cdots on input line 467.
\Mathstrutbox@=\box39
\strutbox@=\box40
\big@size=\dimen164
LaTeX Font Info:    Redeclaring font encoding OML on input line 567.
LaTeX Font Info:    Redeclaring font encoding OMS on input line 568.
\macc@depth=\count147
\c@MaxMatrixCols=\count148
\dotsspace@=\muskip11
\c@parentequation=\count149
\dspbrk@lvl=\count150
\tag@help=\toks32
\row@=\count151
\column@=\count152
\maxfields@=\count153
\andhelp@=\toks33
\eqnshift@=\dimen165
\alignsep@=\dimen166
\tagshift@=\dimen167
\tagwidth@=\dimen168
\totwidth@=\dimen169
\lineht@=\dimen170
\@envbody=\toks34
\multlinegap=\skip54
\multlinetaggap=\skip55
\mathdisplay@stack=\toks35
LaTeX Info: Redefining \[ on input line 2666.
LaTeX Info: Redefining \] on input line 2667.
)
(/usr/share/texmf-texlive/tex/latex/amsfonts/amsfonts.sty
Package: amsfonts 2009/06/22 v3.00 Basic AMSFonts support
\symAMSa=\mathgroup4
\symAMSb=\mathgroup5
LaTeX Font Info:    Overwriting math alphabet `\mathfrak' in version `bold'
(Font)                  U/euf/m/n --> U/euf/b/n on input line 96.
)
(/usr/share/texmf-texlive/tex/latex/base/latexsym.sty
Package: latexsym 1998/08/17 v2.2e Standard LaTeX package (lasy symbols)
\symlasy=\mathgroup6
LaTeX Font Info:    Overwriting symbol font `lasy' in version `bold'
(Font)                  U/lasy/m/n --> U/lasy/b/n on input line 47.
)
(/usr/share/texmf-texlive/tex/latex/listings/lstlang1.sty
File: lstlang1.sty 2004/09/05 1.3 listings language file
)
(/usr/share/texmf-texlive/tex/latex/listings/lstmisc.sty
File: lstmisc.sty 2007/02/22 1.4 (Carsten Heinz)
)
(/usr/share/texmf/tex/generic/pgf/frontendlayer/tikz/libraries/tikzlibraryarrow
s.code.tex
File: tikzlibraryarrows.code.tex 2008/01/09 v2.10 (rcs-revision 1.1)

(/usr/share/texmf/tex/generic/pgf/libraries/pgflibraryarrows.code.tex
File: pgflibraryarrows.code.tex 2008/10/27 v2.10 (rcs-revision 1.9)
\arrowsize=\dimen171
))
(/usr/share/texmf/tex/generic/pgf/frontendlayer/tikz/libraries/tikzlibrarydecor
ations.pathmorphing.code.tex
(/usr/share/texmf/tex/generic/pgf/frontendlayer/tikz/libraries/tikzlibrarydecor
ations.code.tex
(/usr/share/texmf/tex/generic/pgf/modules/pgfmoduledecorations.code.tex
\pgfdecoratedcompleteddistance=\dimen172
\pgfdecoratedremainingdistance=\dimen173
\pgfdecoratedinputsegmentcompleteddistance=\dimen174
\pgfdecoratedinputsegmentremainingdistance=\dimen175
\pgf@decorate@distancetomove=\dimen176
\pgf@decorate@repeatstate=\count154
\pgfdecorationsegmentamplitude=\dimen177
\pgfdecorationsegmentlength=\dimen178
)
\tikz@lib@dec@box=\box41
)
(/usr/share/texmf/tex/generic/pgf/libraries/decorations/pgflibrarydecorations.p
athmorphing.code.tex))
(/usr/share/texmf/tex/generic/pgf/frontendlayer/tikz/libraries/tikzlibrarybackg
rounds.code.tex
File: tikzlibrarybackgrounds.code.tex 2010/02/08 v2.10 (rcs-revision 1.2)
\pgf@layerbox@background=\box42
\pgf@layerboxsaved@background=\box43
)
(/usr/share/texmf/tex/generic/pgf/frontendlayer/tikz/libraries/tikzlibraryfit.c
ode.tex
File: tikzlibraryfit.code.tex 2008/06/21 v2.10 (rcs-revision 1.3)
)
(/usr/share/texmf/tex/generic/pgf/frontendlayer/tikz/libraries/tikzlibraryshape
s.geometric.code.tex
File: tikzlibraryshapes.geometric.code.tex 2008/01/09 v2.10 (rcs-revision 1.1)

(/usr/share/texmf/tex/generic/pgf/libraries/shapes/pgflibraryshapes.geometric.c
ode.tex
File: pgflibraryshapes.geometric.code.tex 2008/06/26 v2.10 (rcs-revision 1.1)
))
\c@fact=\count155
\c@lemma=\count156
\c@prob=\count157
\c@conjecture=\count158


LaTeX Warning: Unused global option(s):
    [times].

(./paper.aux)
\openout1 = `paper.aux'.

LaTeX Font Info:    Checking defaults for OML/cmm/m/it on input line 66.
LaTeX Font Info:    ... okay on input line 66.
LaTeX Font Info:    Checking defaults for T1/cmr/m/n on input line 66.
LaTeX Font Info:    ... okay on input line 66.
LaTeX Font Info:    Checking defaults for OT1/cmr/m/n on input line 66.
LaTeX Font Info:    ... okay on input line 66.
LaTeX Font Info:    Checking defaults for OMS/cmsy/m/n on input line 66.
LaTeX Font Info:    ... okay on input line 66.
LaTeX Font Info:    Checking defaults for OMX/cmex/m/n on input line 66.
LaTeX Font Info:    ... okay on input line 66.
LaTeX Font Info:    Checking defaults for U/cmr/m/n on input line 66.
LaTeX Font Info:    ... okay on input line 66.
LaTeX Font Info:    Checking defaults for PD1/pdf/m/n on input line 66.
LaTeX Font Info:    ... okay on input line 66.
LaTeX Font Info:    Try loading font information for OT1+ptm on input line 66.
 (/usr/share/texmf-texlive/tex/latex/psnfss/ot1ptm.fd
File: ot1ptm.fd 2001/06/04 font definitions for OT1/ptm.
)
Package hyperref Info: Link coloring OFF on input line 66.

(/usr/share/texmf-texlive/tex/latex/hyperref/nameref.sty
Package: nameref 2007/05/29 v2.31 Cross-referencing by name of section

(/usr/share/texmf-texlive/tex/latex/oberdiek/refcount.sty
Package: refcount 2008/08/11 v3.1 Data extraction from references (HO)
)
\c@section@level=\count159
)
LaTeX Info: Redefining \ref on input line 66.
LaTeX Info: Redefining \pageref on input line 66.
 (./paper.out)
(./paper.out)
\@outlinefile=\write6
\openout6 = `paper.out'.

\AtBeginShipoutBox=\box44
Package caption Info: Begin \AtBeginDocument code.
Package caption3 Info: subfig package 1.2 or 1.3 is loaded.
LaTeX Info: Redefining \subref on input line 66.
Package caption Info: float package is loaded.
Package caption Info: listings package is loaded.
Package caption Info: End \AtBeginDocument code.
 ABD: EveryShipout initializing macros
(/usr/share/texmf-texlive/tex/context/base/supp-pdf.mkii
[Loading MPS to PDF converter (version 2006.09.02).]
\scratchcounter=\count160
\scratchdimen=\dimen179
\scratchbox=\box45
\nofMPsegments=\count161
\nofMParguments=\count162
\everyMPshowfont=\toks36
\MPscratchCnt=\count163
\MPscratchDim=\dimen180
\MPnumerator=\count164
\everyMPtoPDFconversion=\toks37
)
\c@lstlisting=\count165
LaTeX Font Info:    Font shape `OT1/ptm/bx/n' in size <14.4> not available
(Font)              Font shape `OT1/ptm/b/n' tried instead on input line 87.
LaTeX Font Info:    Try loading font information for U+msa on input line 87.
 (/usr/share/texmf-texlive/tex/latex/amsfonts/umsa.fd
File: umsa.fd 2009/06/22 v3.00 AMS symbols A
)
LaTeX Font Info:    Try loading font information for U+msb on input line 87.

(/usr/share/texmf-texlive/tex/latex/amsfonts/umsb.fd
File: umsb.fd 2009/06/22 v3.00 AMS symbols B
)
LaTeX Font Info:    Try loading font information for U+lasy on input line 87.

(/usr/share/texmf-texlive/tex/latex/base/ulasy.fd
File: ulasy.fd 1998/08/17 v2.2e LaTeX symbol font definitions
)
LaTeX Font Info:    Font shape `OT1/ptm/bx/n' in size <12> not available
(Font)              Font shape `OT1/ptm/b/n' tried instead on input line 97.


Package hyperref Warning: Token not allowed in a PDF string (PDFDocEncoding):
(hyperref)                \kern -10.0pt
(hyperref)                removed on input line 106.


Package hyperref Warning: Token not allowed in a PDF string (PDFDocEncoding):
(hyperref)                \kern -10.0pt
(hyperref)                removed on input line 140.

[1{/var/lib/texmf/fonts/map/pdftex/updmap/pdftex.map}


]

Package hyperref Warning: Token not allowed in a PDF string (PDFDocEncoding):
(hyperref)                \kern -10.0pt
(hyperref)                removed on input line 196.


Package hyperref Warning: Token not allowed in a PDF string (PDFDocEncoding):
(hyperref)                \kern -10.0pt
(hyperref)                removed on input line 202.

<images/9B.png, id=70, 896.34875pt x 897.3525pt>
File: images/9B.png Graphic file (type png)
 <use images/9B.png>
<images/OneView.png, id=71, 878.28125pt x 878.28125pt>
File: images/OneView.png Graphic file (type png)

<use images/OneView.png>
LaTeX Font Info:    Font shape `OT1/ptm/bx/n' in size <10> not available
(Font)              Font shape `OT1/ptm/b/n' tried instead on input line 296.


LaTeX Warning: Reference `listing' on page 2 undefined on input line 296.


LaTeX Warning: Reference `sequence' on page 2 undefined on input line 296.


LaTeX Warning: Reference `fig:9W' on page 2 undefined on input line 301.


LaTeX Warning: Reference `fig:9B' on page 2 undefined on input line 301.

[2 <./images/9B.png (PNG copy)> <./images/OneView.png (PNG copy)>]

LaTeX Warning: Reference `listing' on page 3 undefined on input line 309.

LaTeX Font Info:    Try loading font information for OT1+pcr on input line 315.

(/usr/share/texmf-texlive/tex/latex/psnfss/ot1pcr.fd
File: ot1pcr.fd 2001/06/04 font definitions for OT1/pcr.
)
Underfull \hbox (badness 10000) in paragraph at lines 354--362

 []


Underfull \hbox (badness 10000) in paragraph at lines 354--362

 []


Underfull \hbox (badness 10000) in paragraph at lines 354--362

 []


Package hyperref Warning: Token not allowed in a PDF string (PDFDocEncoding):
(hyperref)                \kern -10.0pt
(hyperref)                removed on input line 448.


LaTeX Warning: Citation `gilpin07algorithms' on page 3 undefined on input line 
451.


Underfull \vbox (badness 10000) has occurred while \output is active []

 [3]
Underfull \hbox (badness 1033) in paragraph at lines 463--467
[]\OT1/ptm/m/n/10 Information set gen-er-a-tion, then, is an all-solutions
 []

LaTeX Font Info:    Font shape `OT1/ptm/bx/n' in size <9> not available
(Font)              Font shape `OT1/ptm/b/n' tried instead on input line 562.

Package hyperref Warning: Token not allowed in a PDF string (PDFDocEncoding):
(hyperref)                \kern -10.0pt
(hyperref)                removed on input line 580.

[4]

Package hyperref Warning: Token not allowed in a PDF string (PDFDocEncoding):
(hyperref)                \kern -10.0pt
(hyperref)                removed on input line 619.


Underfull \hbox (badness 1057) in paragraph at lines 620--627
[]\OT1/ptm/m/n/10 Sun \OT1/ptm/m/it/10 et al. \OT1/ptm/m/n/10 have de-vel-oped 
the Par-al-lel State Space
 []


Underfull \vbox (badness 10000) has occurred while \output is active []

 [5]

Package hyperref Warning: Token not allowed in a PDF string (PDFDocEncoding):
(hyperref)                \kern -10.0pt
(hyperref)                removed on input line 672.

<plots/3schemes.pdf, id=120, 271.0125pt x 189.70876pt>
File: plots/3schemes.pdf Graphic file (type pdf)

<use plots/3schemes.pdf>

LaTeX Warning: `h' float specifier changed to `ht'.

<plots/3depths.pdf, id=122, 271.0125pt x 189.70876pt>
File: plots/3depths.pdf Graphic file (type pdf)
 <use plots/3depths.pdf>
<plots/3depthsnolog.pdf, id=123, 271.0125pt x 189.70876pt>
File: plots/3depthsnolog.pdf Graphic file (type pdf)

<use plots/3depthsnolog.pdf> [6 <./plots/3schemes.pdf> <./plots/3depths.pdf> <.
/plots/3depthsnolog.pdf>] <plots/dep8.pdf, id=146, 271.0125pt x 189.70876pt>
File: plots/dep8.pdf Graphic file (type pdf)

<use plots/dep8.pdf> <plots/dep10.pdf, id=147, 271.0125pt x 189.70876pt>
File: plots/dep10.pdf Graphic file (type pdf)

<use plots/dep10.pdf> <plots/dep12.pdf, id=148, 271.0125pt x 189.70876pt>
File: plots/dep12.pdf Graphic file (type pdf)

<use plots/dep12.pdf>

Package hyperref Warning: Token not allowed in a PDF string (PDFDocEncoding):
(hyperref)                \kern -10.0pt
(hyperref)                removed on input line 785.

<images/KriegspielProblem4.pdf, id=153, 614.295pt x 794.97pt>
File: images/KriegspielProblem4.pdf Graphic file (type pdf)

<use images/KriegspielProblem4.pdf>
Overfull \hbox (8.5777pt too wide) in paragraph at lines 791--792
 [][] 
 []

<images/KriegspielProblem5.pdf, id=154, 614.295pt x 794.97pt>
File: images/KriegspielProblem5.pdf Graphic file (type pdf)

<use images/KriegspielProblem5.pdf>
Overfull \hbox (8.5777pt too wide) in paragraph at lines 797--798
 [][] 
 []

[7 <./plots/dep8.pdf> <./plots/dep10.pdf> <./plots/dep12.pdf>] [8 <./images/Kri
egspielProblem4.pdf> <./images/KriegspielProblem5.pdf>]
Overfull \hbox (29.42213pt too wide) in paragraph at lines 871--878
 [][] 
 []


Package hyperref Warning: Token not allowed in a PDF string (PDFDocEncoding):
(hyperref)                \kern -10.0pt
(hyperref)                removed on input line 882.


LaTeX Warning: Citation `gilpin07algorithms' on page 9 undefined on input line 
885.


Underfull \vbox (badness 10000) has occurred while \output is active []

 [9]
Underfull \hbox (badness 1629) in paragraph at lines 930--941
\OT1/ptm/m/n/10 of \OT1/ptm/m/it/10 log-i-cal fil-ter-ing. \OT1/ptm/m/n/10 [[]]
 The goal of log-i-cal fil-ter-ing
 []


Underfull \hbox (badness 1231) in paragraph at lines 930--941
\OT1/ptm/m/n/10 is to main-tain a com-pact log-i-cal rep-re-sen-ta-tion of an
 []


Underfull \hbox (badness 1661) in paragraph at lines 930--941
\OT1/ptm/m/n/10 a-bil-ity dis-tri-bu-tion over the pos-si-ble cur-rent states o
f
 []


Underfull \hbox (badness 10000) in paragraph at lines 930--941
\OML/cmm/m/it/10 at\OT1/cmr/m/n/10 (\OML/cmm/m/it/10 whiterook; h\OT1/cmr/m/n/1
0 1)) \OMS/cmsy/m/n/10 _ \OT1/cmr/m/n/10 (\OML/cmm/m/it/10 at\OT1/cmr/m/n/10 (\
OML/cmm/m/it/10 whitepawn; a\OT1/cmr/m/n/10 3) \OMS/cmsy/m/n/10 ^ [] ^
 []


Underfull \hbox (badness 1383) in paragraph at lines 930--941
\OT1/ptm/m/n/10 rea-son-ing with such rep-re-sen-ta-tions of-ten re-quires the
 []


Underfull \hbox (badness 1448) in paragraph at lines 930--941
\OT1/ptm/m/n/10 se-quences of ac-tions and ob-ser-va-tions. They give a
 []


Underfull \vbox (badness 1496) has occurred while \output is active []



Package hyperref Warning: Token not allowed in a PDF string (PDFDocEncoding):
(hyperref)                \kern -10.0pt
(hyperref)                removed on input line 949.

[10]

Package hyperref Warning: Token not allowed in a PDF string (PDFDocEncoding):
(hyperref)                \kern -10.0pt
(hyperref)                removed on input line 1006.


Underfull \hbox (badness 1043) in paragraph at lines 1007--1014
[]\OT1/ptm/m/n/10 We have shown that in-for-ma-tion set gen-er-a-tion for
 []

(./paper.bbl [11]) [12

] (./paper.aux)

LaTeX Warning: There were undefined references.

 ) 
Here is how much of TeX's memory you used:
 18042 strings out of 495046
 326912 string characters out of 1181936
 409919 words of memory out of 3000000
 20738 multiletter control sequences out of 15000+50000
 38128 words of font info for 89 fonts, out of 3000000 for 9000
 28 hyphenation exceptions out of 8191
 56i,9n,57p,993b,430s stack positions out of 5000i,500n,10000p,200000b,50000s
{/usr/share/texmf-texlive/fonts/enc/dvips/base/8r.enc}</usr/share/texmf-texli
ve/fonts/type1/public/amsfonts/cm/cmbx10.pfb></usr/share/texmf-texlive/fonts/ty
pe1/public/amsfonts/cm/cmmi10.pfb></usr/share/texmf-texlive/fonts/type1/public/
amsfonts/cm/cmmi6.pfb></usr/share/texmf-texlive/fonts/type1/public/amsfonts/cm/
cmmi9.pfb></usr/share/texmf-texlive/fonts/type1/public/amsfonts/cm/cmr10.pfb></
usr/share/texmf-texlive/fonts/type1/public/amsfonts/cm/cmr6.pfb></usr/share/tex
mf-texlive/fonts/type1/public/amsfonts/cm/cmr8.pfb></usr/share/texmf-texlive/fo
nts/type1/public/amsfonts/cm/cmr9.pfb></usr/share/texmf-texlive/fonts/type1/pub
lic/amsfonts/cm/cmsy10.pfb></usr/share/texmf-texlive/fonts/type1/public/amsfont
s/cm/cmsy6.pfb></usr/share/texmf-texlive/fonts/type1/public/amsfonts/cm/cmsy8.p
fb></usr/share/texmf-texlive/fonts/type1/public/amsfonts/cm/cmsy9.pfb></usr/sha
re/texmf-texlive/fonts/type1/urw/courier/ucrr8a.pfb></usr/share/texmf-texlive/f
onts/type1/urw/helvetic/uhvr8a.pfb></usr/share/texmf-texlive/fonts/type1/urw/ti
mes/utmb8a.pfb></usr/share/texmf-texlive/fonts/type1/urw/times/utmr8a.pfb></usr
/share/texmf-texlive/fonts/type1/urw/times/utmri8a.pfb>
Output written on paper.pdf (12 pages, 744396 bytes).
PDF statistics:
 323 PDF objects out of 1000 (max. 8388607)
 70 named destinations out of 1000 (max. 500000)
 159 words of extra memory for PDF output out of 10000 (max. 10000000)

